<?xml version="1.0" encoding="UTF-8"?>
<!-- Generated by org.testng.reporters.JUnitReportReporter -->
<testsuite hostname="Vishwanaths-MacBook-Air.local" failures="0" tests="3" name="day_9.Day_9_2" time="1.890" errors="0" timestamp="2024-07-22T11:58:09 IST" skipped="0">
  <testcase classname="day_9.Day_9_2" name="Demo_1" time="0.653"/>
  <system-out/>
  <testcase classname="day_9.Day_9_2" name="Demo_2" time="0.625"/>
  <system-out/>
  <testcase classname="day_9.Day_9_2" name="Demo_3" time="0.612"/>
  <system-out/>
</testsuite> <!-- day_9.Day_9_2 -->
