<?xml version="1.0" encoding="UTF-8"?>
<!-- Generated by org.testng.reporters.JUnitReportReporter -->
<testsuite hostname="VISHWANATH" failures="0" tests="2" name="day_9.Basic" time="4.367" errors="0" timestamp="2024-07-23T18:40:19 IST" skipped="0">
  <testcase classname="day_9.Basic" name="demo" time="2.808"/>
  <system-out/>
  <testcase classname="day_9.Basic" name="demo_2" time="1.559"/>
  <system-out/>
</testsuite> <!-- day_9.Basic -->
