<?xml version="1.0" encoding="UTF-8"?>
<!-- Generated by org.testng.reporters.JUnitReportReporter -->
<testsuite hostname="Vishwanaths-MacBook-Air.local" failures="0" tests="1" name="day_10.NewTest" time="0.004" errors="0" timestamp="2024-07-23T10:21:13 IST" skipped="0">
  <testcase classname="day_10.NewTest" name="f" time="0.004"/>
  <system-out/>
</testsuite> <!-- day_10.NewTest -->
