<?xml version="1.0" encoding="UTF-8"?>
<!-- Generated by org.testng.reporters.JUnitReportReporter -->
<testsuite hostname="Vishwanaths-MacBook-Air.local" failures="0" tests="4" name="day_9.day_9" time="19.210" errors="0" timestamp="2024-07-22T09:58:53 IST" skipped="0">
  <testcase classname="day_9.day_9" name="Demo_1" time="3.449"/>
  <system-out/>
  <testcase classname="day_9.day_9" name="Demo_2" time="5.571"/>
  <system-out/>
  <testcase classname="day_9.day_9" name="Demo_3" time="4.075"/>
  <system-out/>
  <testcase classname="day_9.day_9" name="Demo_4" time="6.115"/>
  <system-out/>
</testsuite> <!-- day_9.day_9 -->
