<?xml version="1.0" encoding="UTF-8"?>
<!-- Generated by org.testng.reporters.JUnitReportReporter -->
<testsuite hostname="VISHWANATH" failures="0" tests="1" name="day_10.day_10_ng" time="0.838" errors="0" timestamp="2024-07-23T19:36:17 IST" skipped="0">
  <testcase classname="day_10.day_10_ng" name="demo_1" time="0.838"/>
  <system-out/>
</testsuite> <!-- day_10.day_10_ng -->
